2023-06-16 14:30:24 <root> [ DEBUG    ] debug "(main.py:114)"
2023-06-16 14:30:24 <root> [ INFO     ] info "(main.py:115)"
2023-06-16 14:30:24 <root> [ WARNING  ] warning "(main.py:116)"
2023-06-16 14:30:24 <root> [ ERROR    ] error "(main.py:117)"
2023-06-16 14:30:24 <root> [ CRITICAL ] critical "(main.py:118)"
2023-06-16 14:30:44 <root> [ DEBUG    ] debug "(main.py:114)"
2023-06-16 14:30:44 <root> [ INFO     ] info "(main.py:115)"
2023-06-16 14:30:44 <root> [ WARNING  ] warning "(main.py:116)"
2023-06-16 14:30:44 <root> [ ERROR    ] error "(main.py:117)"
2023-06-16 14:30:44 <root> [ CRITICAL ] critical "(main.py:118)"
2023-06-16 14:31:22 <root> [ DEBUG    ] debug "(main.py:114)"
2023-06-16 14:31:22 <root> [ INFO     ] info "(main.py:115)"
2023-06-16 14:31:22 <root> [ WARNING  ] warning "(main.py:116)"
2023-06-16 14:31:22 <root> [ ERROR    ] error "(main.py:117)"
2023-06-16 14:31:22 <root> [ CRITICAL ] critical "(main.py:118)"
2023-06-16 14:31:41 <root> [ DEBUG    ] debug "(main.py:114)"
2023-06-16 14:31:41 <root> [ INFO     ] info "(main.py:115)"
2023-06-16 14:31:41 <root> [ WARNING  ] warning "(main.py:116)"
2023-06-16 14:31:41 <root> [ ERROR    ] error "(main.py:117)"
2023-06-16 14:31:41 <root> [ CRITICAL ] critical "(main.py:118)"
2023-06-16 14:32:09 <root> [ DEBUG    ] debug "(main.py:114)"
2023-06-16 14:32:09 <root> [ INFO     ] info "(main.py:115)"
2023-06-16 14:32:09 <root> [ WARNING  ] warning "(main.py:116)"
2023-06-16 14:32:09 <root> [ ERROR    ] error "(main.py:117)"
2023-06-16 14:32:09 <root> [ CRITICAL ] critical "(main.py:118)"
2023-06-16 14:32:45 <root> [ DEBUG    ] debug "(main.py:115)"
2023-06-16 14:32:45 <root> [ INFO     ] info "(main.py:116)"
2023-06-16 14:32:45 <root> [ WARNING  ] warning "(main.py:117)"
2023-06-16 14:32:45 <root> [ ERROR    ] error "(main.py:118)"
2023-06-16 14:32:45 <root> [ CRITICAL ] critical "(main.py:119)"
2023-06-16 14:33:16 <root> [ DEBUG    ] debug "(main.py:115)"
2023-06-16 14:33:16 <root> [ INFO     ] info "(main.py:116)"
2023-06-16 14:33:16 <root> [ WARNING  ] warning "(main.py:117)"
2023-06-16 14:33:16 <root> [ ERROR    ] error "(main.py:118)"
2023-06-16 14:33:16 <root> [ CRITICAL ] critical "(main.py:119)"
2023-06-16 14:34:04 <root> [ DEBUG    ] debug "(main.py:115)"
2023-06-16 14:34:04 <root> [ INFO     ] info "(main.py:116)"
2023-06-16 14:34:04 <root> [ WARNING  ] warning "(main.py:117)"
2023-06-16 14:34:04 <root> [ ERROR    ] error "(main.py:118)"
2023-06-16 14:34:04 <root> [ CRITICAL ] critical "(main.py:119)"
2023-06-16 14:35:10 <root> [ DEBUG    ] debug "(main.py:115)"
2023-06-16 14:35:10 <root> [ INFO     ] info "(main.py:116)"
2023-06-16 14:35:10 <root> [ WARNING  ] warning "(main.py:117)"
2023-06-16 14:35:10 <root> [ ERROR    ] error "(main.py:118)"
2023-06-16 14:35:10 <root> [ CRITICAL ] critical "(main.py:119)"
2023-06-16 14:35:21 <root> [ DEBUG    ] debug "(main.py:115)"
2023-06-16 14:35:21 <root> [ INFO     ] info "(main.py:116)"
2023-06-16 14:35:21 <root> [ WARNING  ] warning "(main.py:117)"
2023-06-16 14:35:21 <root> [ ERROR    ] error "(main.py:118)"
2023-06-16 14:35:21 <root> [ CRITICAL ] critical "(main.py:119)"
2023-06-16 14:36:18 <root> [ DEBUG    ] debug "(main.py:116)"
2023-06-16 14:36:18 <root> [ INFO     ] info "(main.py:117)"
2023-06-16 14:36:18 <root> [ WARNING  ] warning "(main.py:118)"
2023-06-16 14:36:18 <root> [ ERROR    ] error "(main.py:119)"
2023-06-16 14:36:18 <root> [ CRITICAL ] critical "(main.py:120)"
2023-06-16 14:36:54 <root> [ DEBUG    ] debug "(main.py:116)"
2023-06-16 14:36:54 <root> [ INFO     ] info "(main.py:117)"
2023-06-16 14:36:54 <root> [ WARNING  ] warning "(main.py:118)"
2023-06-16 14:36:54 <root> [ ERROR    ] error "(main.py:119)"
2023-06-16 14:36:54 <root> [ CRITICAL ] critical "(main.py:120)"
2023-06-16 14:37:12 <root> [ DEBUG    ] debug "(main.py:116)"
2023-06-16 14:37:12 <root> [ INFO     ] info "(main.py:117)"
2023-06-16 14:37:12 <root> [ WARNING  ] warning "(main.py:118)"
2023-06-16 14:37:12 <root> [ ERROR    ] error "(main.py:119)"
2023-06-16 14:37:12 <root> [ CRITICAL ] critical "(main.py:120)"
2023-06-16 14:37:20 <root> [ DEBUG    ] debug "(main.py:116)"
2023-06-16 14:37:20 <root> [ INFO     ] info "(main.py:117)"
2023-06-16 14:37:20 <root> [ WARNING  ] warning "(main.py:118)"
2023-06-16 14:37:20 <root> [ ERROR    ] error "(main.py:119)"
2023-06-16 14:37:20 <root> [ CRITICAL ] critical "(main.py:120)"
2023-06-16 14:37:39 <root> [ DEBUG    ] debug "(main.py:116)"
2023-06-16 14:37:39 <root> [ INFO     ] info "(main.py:117)"
2023-06-16 14:37:39 <root> [ WARNING  ] warning "(main.py:118)"
2023-06-16 14:37:39 <root> [ ERROR    ] error "(main.py:119)"
2023-06-16 14:37:39 <root> [ CRITICAL ] critical "(main.py:120)"
2023-06-16 14:37:50 <root> [ DEBUG    ] debug "(main.py:116)"
2023-06-16 14:37:50 <root> [ INFO     ] info "(main.py:117)"
2023-06-16 14:37:50 <root> [ WARNING  ] warning "(main.py:118)"
2023-06-16 14:37:50 <root> [ ERROR    ] error "(main.py:119)"
2023-06-16 14:37:50 <root> [ CRITICAL ] critical "(main.py:120)"
